2024-02-13 22:37:01 - Starting C:\Program Files\nodejs\node.exe  --harmony C:\Users\Jason\AppData\Roaming\npm\node_modules\qckwinsvc\node_modules\node-windows\lib\wrapper.js --file "C:\xampp\htdocs\Project Translator Aksara Jawa\TranslateAksara\index.js" --log "RunNodeJS wrapper" --grow 0.25 --wait 1 --maxrestarts 3 --abortonerror n --stopparentfirst undefined
2024-02-13 22:37:01 - Started 8300
2024-02-15 13:24:38 - Starting C:\Program Files\nodejs\node.exe  --harmony C:\Users\Jason\AppData\Roaming\npm\node_modules\qckwinsvc\node_modules\node-windows\lib\wrapper.js --file "C:\xampp\htdocs\Project Translator Aksara Jawa\TranslateAksara\index.js" --log "RunNodeJS wrapper" --grow 0.25 --wait 1 --maxrestarts 3 --abortonerror n --stopparentfirst undefined
2024-02-15 13:24:38 - Started 6012
2024-02-21 14:02:55 - Starting C:\Program Files\nodejs\node.exe  --harmony C:\Users\Jason\AppData\Roaming\npm\node_modules\qckwinsvc\node_modules\node-windows\lib\wrapper.js --file "C:\xampp\htdocs\Project Translator Aksara Jawa\TranslateAksara\index.js" --log "RunNodeJS wrapper" --grow 0.25 --wait 1 --maxrestarts 3 --abortonerror n --stopparentfirst undefined
2024-02-21 14:02:55 - Started 6256
2024-02-24 20:54:50 - Stopping runnodejs.exe
2024-02-24 20:54:50 - ProcessKill 6256
2024-02-24 20:54:50 - Shutdown exception
Message:Class not registered

Stacktrace:   at System.Runtime.InteropServices.Marshal.ThrowExceptionForHRInternal(Int32 errorCode, IntPtr errorInfo)
   at System.Management.ManagementScope.InitializeGuts(Object o)
   at System.Management.ManagementScope.Initialize()
   at System.Management.ManagementObjectSearcher.Initialize()
   at System.Management.ManagementObjectSearcher.Get()
   at winsw.WrapperService.GetChildPids(Int32 pid)
   at winsw.WrapperService.StopProcessAndChildren(Int32 pid)
   at winsw.WrapperService.StopIt()
   at winsw.WrapperService.OnShutdown()
2024-02-24 20:55:20 - Starting C:\Program Files\nodejs\node.exe  --harmony C:\Users\Jason\AppData\Roaming\npm\node_modules\qckwinsvc\node_modules\node-windows\lib\wrapper.js --file "C:\xampp\htdocs\Project Translator Aksara Jawa\TranslateAksara\index.js" --log "RunNodeJS wrapper" --grow 0.25 --wait 1 --maxrestarts 3 --abortonerror n --stopparentfirst undefined
2024-02-24 20:55:20 - Started 6240
2024-02-24 21:58:35 - Starting C:\Program Files\nodejs\node.exe  --harmony C:\Users\Jason\AppData\Roaming\npm\node_modules\qckwinsvc\node_modules\node-windows\lib\wrapper.js --file "C:\xampp\htdocs\Project Translator Aksara Jawa\TranslateAksara\index.js" --log "RunNodeJS wrapper" --grow 0.25 --wait 1 --maxrestarts 3 --abortonerror n --stopparentfirst undefined
2024-02-24 21:58:35 - Started 6204
2024-02-25 18:59:00 - Starting C:\Program Files\nodejs\node.exe  --harmony C:\Users\Jason\AppData\Roaming\npm\node_modules\qckwinsvc\node_modules\node-windows\lib\wrapper.js --file "C:\xampp\htdocs\Project Translator Aksara Jawa\TranslateAksara\index.js" --log "RunNodeJS wrapper" --grow 0.25 --wait 1 --maxrestarts 3 --abortonerror n --stopparentfirst undefined
2024-02-25 18:59:00 - Started 6552
