hello
ꦲꦺꦭ꧀ꦭꦺꦴ
halo
ꦲꦭꦺꦴ
asas
ꦲꦱꦱ꧀
halo
ꦲꦭꦺꦴ
asas
ꦲꦱꦱ꧀
yoo
ꦪꦺꦴꦲꦺꦴ
asd
ꦲsd꧀
halo
ꦲꦭꦺꦴ
as
ꦲꦱ꧀
ha
ꦲ
halo
ꦲꦭꦺꦴ
ay
ꦲꦪ꧀
ay
ꦲꦪ꧀
he
ꦲꦺ
halo
ꦲꦭꦺꦴ
asas
ꦲꦱꦱ꧀
halo
ꦲꦭꦺꦴ
bokep
ꦧꦺꦴꦏꦺꦥ꧀
rah
ꦫꦃ
watchthrxeclimbbeforxit'smyIt'satoughone.turn.beforxmeCriestwice.TheguyHefallstwice.Afterthelastone,He'sfinishedfarthecomesday.It'smyturn.Mybuddysays"goodluck!'bitofoutcroponhalfwayuptome.problxmthisone.thewail.Inocice±aIt'saboutIt'snota
ꦮꦠ꧀ꦲꦺꦕ꧀ꦭꦶꦩ꧀ꦧ꧀ꦧꦺꦥ꦳ꦺꦴꦫꦼꦲꦶꦠ꧀꧊ꦱ꧀ꦩꦾꦶꦠ꧀꧊ꦱꦠꦺꦴꦲꦸꦒ꦳ꦺꦴꦤꦺ꧉ꦠꦸꦂꦤ꧀꧈ꦧꦺꦥ꦳ꦺꦴꦉꦩꦺꦕꦿꦶꦲꦺꦱ꧀ꦠ꧀ꦮꦶꦕꦺ꧉ꦡ꧀ꦲꦺꦒꦸꦪ꧀ꦲꦺꦥ꦳ꦭ꧀ꦠ꧀ꦮꦶꦕꦺ꧉ꦄꦥ꦳꧀ꦠꦺꦂꦛꦺꦭꦱ꧀ꦠꦺꦴꦤꦺ꧈ꦲꦺ꧊ꦱ꧀ꦥ꦳ꦶꦤꦶꦱ꧀ꦲꦺꦢ꧀ꦥ꦳ꦂꦛꦺꦕꦺꦴꦩꦺꦱ꧀ꦢꦪ꧀꧈ꦅꦠ꧀꧊ꦱ꧀ꦪ꧀ꦠꦸꦂꦤ꧀꧈ꦩ꧀ꦪ꧀ꦧꦸꦢ꧀ꦪ꧀ꦱꦪ꧀꧊ꦒꦺꦴꦲꦺꦴꦢ꧀ꦭꦸꦕ꧀!꧊ꦧꦶꦠꦺꦴꦥ꦳ꦺꦴꦲꦸꦠ꧀ꦕꦿꦺꦴꦥꦺꦴꦤ꧀ꦲꦭ꧀ꦥ꦳꧀ꦮꦪꦸꦥ꧀ꦠꦺꦴꦩꦺ꧉ꦥꦿꦺꦴꦧ꧀ꦭꦼꦩ꧀ꦛꦶꦱꦺꦴꦤꦺ꧉ꦛꦺꦮꦲꦶꦭ꧀꧈ꦅꦤꦺꦴꦕꦶꦕꦺꦅꦠ꧀꧊ꦱꦧꦺꦴꦲꦸꦠꦶꦠ꧀꧊ꦱ꧀ꦤꦺꦴꦠ
watchthrxeclimbbeforxit'smyIt'satoughone.turn.beforxmeCriestwice.TheguyHefallstwice.Afterthelastone,He'sfinishedfarthecomesday.It'smyturn.Mybuddysays"goodluck!'bitofoutcroponhalfwayuptome.problxmthisone.thewail.Inocice±aIt'saboutIt'snotaa
ꦮꦠ꧀ꦲꦺꦕ꧀ꦭꦶꦩ꧀ꦧ꧀ꦧꦺꦥ꦳ꦺꦴꦫꦼꦲꦶꦠ꧀꧊ꦱ꧀ꦩꦾꦶꦠ꧀꧊ꦱꦠꦺꦴꦲꦸꦒ꦳ꦺꦴꦤꦺ꧉ꦠꦸꦂꦤ꧀꧈ꦧꦺꦥ꦳ꦺꦴꦉꦩꦺꦕꦿꦶꦲꦺꦱ꧀ꦠ꧀ꦮꦶꦕꦺ꧉ꦡ꧀ꦲꦺꦒꦸꦪ꧀ꦲꦺꦥ꦳ꦭ꧀ꦠ꧀ꦮꦶꦕꦺ꧉ꦄꦥ꦳꧀ꦠꦺꦂꦛꦺꦭꦱ꧀ꦠꦺꦴꦤꦺ꧈ꦲꦺ꧊ꦱ꧀ꦥ꦳ꦶꦤꦶꦱ꧀ꦲꦺꦢ꧀ꦥ꦳ꦂꦛꦺꦕꦺꦴꦩꦺꦱ꧀ꦢꦪ꧀꧈ꦅꦠ꧀꧊ꦱ꧀ꦪ꧀ꦠꦸꦂꦤ꧀꧈ꦩ꧀ꦪ꧀ꦧꦸꦢ꧀ꦪ꧀ꦱꦪ꧀꧊ꦒꦺꦴꦲꦺꦴꦢ꧀ꦭꦸꦕ꧀!꧊ꦧꦶꦠꦺꦴꦥ꦳ꦺꦴꦲꦸꦠ꧀ꦕꦿꦺꦴꦥꦺꦴꦤ꧀ꦲꦭ꧀ꦥ꦳꧀ꦮꦪꦸꦥ꧀ꦠꦺꦴꦩꦺ꧉ꦥꦿꦺꦴꦧ꧀ꦭꦼꦩ꧀ꦛꦶꦱꦺꦴꦤꦺ꧉ꦛꦺꦮꦲꦶꦭ꧀꧈ꦅꦤꦺꦴꦕꦶꦕꦺꦅꦠ꧀꧊ꦱꦧꦺꦴꦲꦸꦠꦶꦠ꧀꧊ꦱ꧀ꦤꦺꦴꦠꦲ
asas
ꦲꦱꦱ꧀
asfa
ꦲꦱ꧀ꦥ꦳
watchthrxeclimbbeforxit'smyIt'satoughone.turn.beforxmeCriestwice.TheguyHefallstwice.Afterthelastone,He'sfinishedfarthecomesday.It'smyturn.Mybuddysays"goodluck!'bitofoutcroponhalfwayuptome.problxmthisone.thewail.InociceaIt'saboutIt'snota
ꦮꦠ꧀ꦲꦺꦕ꧀ꦭꦶꦩ꧀ꦧ꧀ꦧꦺꦥ꦳ꦺꦴꦫꦼꦲꦶꦠ꧀꧊ꦱ꧀ꦩꦾꦶꦠ꧀꧊ꦱꦠꦺꦴꦲꦸꦒ꦳ꦺꦴꦤꦺ꧉ꦠꦸꦂꦤ꧀꧈ꦧꦺꦥ꦳ꦺꦴꦉꦩꦺꦕꦿꦶꦲꦺꦱ꧀ꦠ꧀ꦮꦶꦕꦺ꧉ꦡ꧀ꦲꦺꦒꦸꦪ꧀ꦲꦺꦥ꦳ꦭ꧀ꦠ꧀ꦮꦶꦕꦺ꧉ꦄꦥ꦳꧀ꦠꦺꦂꦛꦺꦭꦱ꧀ꦠꦺꦴꦤꦺ꧈ꦲꦺ꧊ꦱ꧀ꦥ꦳ꦶꦤꦶꦱ꧀ꦲꦺꦢ꧀ꦥ꦳ꦂꦛꦺꦕꦺꦴꦩꦺꦱ꧀ꦢꦪ꧀꧈ꦅꦠ꧀꧊ꦱ꧀ꦪ꧀ꦠꦸꦂꦤ꧀꧈ꦩ꧀ꦪ꧀ꦧꦸꦢ꧀ꦪ꧀ꦱꦪ꧀꧊ꦒꦺꦴꦲꦺꦴꦢ꧀ꦭꦸꦕ꧀!꧊ꦧꦶꦠꦺꦴꦥ꦳ꦺꦴꦲꦸꦠ꧀ꦕꦿꦺꦴꦥꦺꦴꦤ꧀ꦲꦭ꧀ꦥ꦳꧀ꦮꦪꦸꦥ꧀ꦠꦺꦴꦩꦺ꧉ꦥꦿꦺꦴꦧ꧀ꦭꦼꦩ꧀ꦛꦶꦱꦺꦴꦤꦺ꧉ꦛꦺꦮꦲꦶꦭ꧀꧈ꦅꦤꦺꦴꦕꦶꦕꦺꦅꦠ꧀꧊ꦱꦧꦺꦴꦲꦸꦠꦶꦠ꧀꧊ꦱ꧀ꦤꦺꦴꦠ
watchthrxeclimbbeforxit'smyIt'satoughone.turn.beforxmeCriestwice.TheguyHefallstwice.Afterthelastone,He'sfinishedfarthecomesday.It'smyturn.Mybuddysays"goodluck!'bitofoutcroponhalfwayuptome.problxmthisone.thewail.InociceaIt'saboutIt'snotaasas
ꦮꦠ꧀ꦲꦺꦕ꧀ꦭꦶꦩ꧀ꦧ꧀ꦧꦺꦥ꦳ꦺꦴꦫꦼꦲꦶꦠ꧀꧊ꦱ꧀ꦩꦾꦶꦠ꧀꧊ꦱꦠꦺꦴꦲꦸꦒ꦳ꦺꦴꦤꦺ꧉ꦠꦸꦂꦤ꧀꧈ꦧꦺꦥ꦳ꦺꦴꦉꦩꦺꦕꦿꦶꦲꦺꦱ꧀ꦠ꧀ꦮꦶꦕꦺ꧉ꦡ꧀ꦲꦺꦒꦸꦪ꧀ꦲꦺꦥ꦳ꦭ꧀ꦠ꧀ꦮꦶꦕꦺ꧉ꦄꦥ꦳꧀ꦠꦺꦂꦛꦺꦭꦱ꧀ꦠꦺꦴꦤꦺ꧈ꦲꦺ꧊ꦱ꧀ꦥ꦳ꦶꦤꦶꦱ꧀ꦲꦺꦢ꧀ꦥ꦳ꦂꦛꦺꦕꦺꦴꦩꦺꦱ꧀ꦢꦪ꧀꧈ꦅꦠ꧀꧊ꦱ꧀ꦪ꧀ꦠꦸꦂꦤ꧀꧈ꦩ꧀ꦪ꧀ꦧꦸꦢ꧀ꦪ꧀ꦱꦪ꧀꧊ꦒꦺꦴꦲꦺꦴꦢ꧀ꦭꦸꦕ꧀!꧊ꦧꦶꦠꦺꦴꦥ꦳ꦺꦴꦲꦸꦠ꧀ꦕꦿꦺꦴꦥꦺꦴꦤ꧀ꦲꦭ꧀ꦥ꦳꧀ꦮꦪꦸꦥ꧀ꦠꦺꦴꦩꦺ꧉ꦥꦿꦺꦴꦧ꧀ꦭꦼꦩ꧀ꦛꦶꦱꦺꦴꦤꦺ꧉ꦛꦺꦮꦲꦶꦭ꧀꧈ꦅꦤꦺꦴꦕꦶꦕꦺꦅꦠ꧀꧊ꦱꦧꦺꦴꦲꦸꦠꦶꦠ꧀꧊ꦱ꧀ꦤꦺꦴꦠꦲꦱꦱ꧀
a
ꦲ
watchthrxeclimbbeforxit'smyIt'satoughone.turn.beforxmeCriestwice.TheguyHefallstwice.Afterthelastone,He'sfinishedfarthecomesday.It'smyturn.Mybuddysays"goodluck!'bitofoutcroponhalfwayuptome.problxmthisone.thewail.InociceaIt'saboutIt'snotaasas
ꦮꦠ꧀ꦲꦺꦕ꧀ꦭꦶꦩ꧀ꦧ꧀ꦧꦺꦥ꦳ꦺꦴꦫꦼꦲꦶꦠ꧀꧊ꦱ꧀ꦩꦾꦶꦠ꧀꧊ꦱꦠꦺꦴꦲꦸꦒ꦳ꦺꦴꦤꦺ꧉ꦠꦸꦂꦤ꧀꧈ꦧꦺꦥ꦳ꦺꦴꦉꦩꦺꦕꦿꦶꦲꦺꦱ꧀ꦠ꧀ꦮꦶꦕꦺ꧉ꦡ꧀ꦲꦺꦒꦸꦪ꧀ꦲꦺꦥ꦳ꦭ꧀ꦠ꧀ꦮꦶꦕꦺ꧉ꦄꦥ꦳꧀ꦠꦺꦂꦛꦺꦭꦱ꧀ꦠꦺꦴꦤꦺ꧈ꦲꦺ꧊ꦱ꧀ꦥ꦳ꦶꦤꦶꦱ꧀ꦲꦺꦢ꧀ꦥ꦳ꦂꦛꦺꦕꦺꦴꦩꦺꦱ꧀ꦢꦪ꧀꧈ꦅꦠ꧀꧊ꦱ꧀ꦪ꧀ꦠꦸꦂꦤ꧀꧈ꦩ꧀ꦪ꧀ꦧꦸꦢ꧀ꦪ꧀ꦱꦪ꧀꧊ꦒꦺꦴꦲꦺꦴꦢ꧀ꦭꦸꦕ꧀!꧊ꦧꦶꦠꦺꦴꦥ꦳ꦺꦴꦲꦸꦠ꧀ꦕꦿꦺꦴꦥꦺꦴꦤ꧀ꦲꦭ꧀ꦥ꦳꧀ꦮꦪꦸꦥ꧀ꦠꦺꦴꦩꦺ꧉ꦥꦿꦺꦴꦧ꧀ꦭꦼꦩ꧀ꦛꦶꦱꦺꦴꦤꦺ꧉ꦛꦺꦮꦲꦶꦭ꧀꧈ꦅꦤꦺꦴꦕꦶꦕꦺꦅꦠ꧀꧊ꦱꦧꦺꦴꦲꦸꦠꦶꦠ꧀꧊ꦱ꧀ꦤꦺꦴꦠꦲꦱꦱ꧀
watchthrxeclimbbeforxit'smyItsatoughone.turn.beforxmeCriestwice.TheguyHefallstwice.Afterthelastone,He'sfinishedfarthecomesday.It'smyturn.Mybuddysaysgoodluck!bitofoutcroponhalfwayuptome.problxmthisone.thewail.InociceaIt'saboutIt'snota
ꦮꦠ꧀ꦲꦺꦕ꧀ꦭꦶꦩ꧀ꦧ꧀ꦧꦺꦥ꦳ꦺꦴꦫꦼꦲꦶꦠ꧀꧊ꦱ꧀ꦩꦾꦶꦠ꧀ꦱꦠꦺꦴꦲꦸꦒ꦳ꦺꦴꦤꦺ꧉ꦠꦸꦂꦤ꧀꧈ꦧꦺꦥ꦳ꦺꦴꦉꦩꦺꦕꦿꦶꦲꦺꦱ꧀ꦠ꧀ꦮꦶꦕꦺ꧉ꦡ꧀ꦲꦺꦒꦸꦪ꧀ꦲꦺꦥ꦳ꦭ꧀ꦠ꧀ꦮꦶꦕꦺ꧉ꦄꦥ꦳꧀ꦠꦺꦂꦛꦺꦭꦱ꧀ꦠꦺꦴꦤꦺ꧈ꦲꦺ꧊ꦱ꧀ꦥ꦳ꦶꦤꦶꦱ꧀ꦲꦺꦢ꧀ꦥ꦳ꦂꦛꦺꦕꦺꦴꦩꦺꦱ꧀ꦢꦪ꧀꧈ꦅꦠ꧀꧊ꦱ꧀ꦪ꧀ꦠꦸꦂꦤ꧀꧈ꦩ꧀ꦪ꧀ꦧꦸꦢ꧀ꦪ꧀ꦱꦪ꧀ꦲꦺꦴꦢ꧀ꦭꦸꦕ꧀!ꦧꦶꦠꦺꦴꦥ꦳ꦺꦴꦲꦸꦠ꧀ꦕꦿꦺꦴꦥꦺꦴꦤ꧀ꦲꦭ꧀ꦥ꦳꧀ꦮꦪꦸꦥ꧀ꦠꦺꦴꦩꦺ꧉ꦥꦿꦺꦴꦧ꧀ꦭꦼꦩ꧀ꦛꦶꦱꦺꦴꦤꦺ꧉ꦛꦺꦮꦲꦶꦭ꧀꧈ꦅꦤꦺꦴꦕꦶꦕꦺꦅꦠ꧀꧊ꦱꦧꦺꦴꦲꦸꦠꦶꦠ꧀꧊ꦱ꧀ꦤꦺꦴꦠ
watchthrxeclimbbeforxit'smyItsatoughone.turn.beforxmeCriestwice.TheguyHefallstwice.Afterthelastone,Hesfinishedfarthecomesday.Itsmyturn.Mybuddysaysgoodluckbitofoutcroponhalfwayuptome.problxmthisone.thewail.InociceaIt'saboutIt'snota
ꦮꦠ꧀ꦲꦺꦕ꧀ꦭꦶꦩ꧀ꦧ꧀ꦧꦺꦥ꦳ꦺꦴꦫꦼꦲꦶꦠ꧀꧊ꦱ꧀ꦩꦾꦶꦠ꧀ꦱꦠꦺꦴꦲꦸꦒ꦳ꦺꦴꦤꦺ꧉ꦠꦸꦂꦤ꧀꧈ꦧꦺꦥ꦳ꦺꦴꦉꦩꦺꦕꦿꦶꦲꦺꦱ꧀ꦠ꧀ꦮꦶꦕꦺ꧉ꦡ꧀ꦲꦺꦒꦸꦪ꧀ꦲꦺꦥ꦳ꦭ꧀ꦠ꧀ꦮꦶꦕꦺ꧉ꦄꦥ꦳꧀ꦠꦺꦂꦛꦺꦭꦱ꧀ꦠꦺꦴꦤꦺ꧈ꦲꦺꦱ꧀ꦥ꦳ꦶꦤꦶꦱ꧀ꦲꦺꦢ꧀ꦥ꦳ꦂꦛꦺꦕꦺꦴꦩꦺꦱ꧀ꦢꦪ꧀꧈ꦅꦠ꧀ꦪ꧀ꦠꦸꦂꦤ꧀꧈ꦩ꧀ꦪ꧀ꦧꦸꦢ꧀ꦪ꧀ꦱꦪ꧀ꦲꦺꦴꦢ꧀ꦭꦸꦕ꧀ꦏ꧀ꦧꦶꦠꦺꦴꦥ꦳ꦺꦴꦲꦸꦠ꧀ꦕꦿꦺꦴꦥꦺꦴꦤ꧀ꦲꦭ꧀ꦥ꦳꧀ꦮꦪꦸꦥ꧀ꦠꦺꦴꦩꦺ꧉ꦥꦿꦺꦴꦧ꧀ꦭꦼꦩ꧀ꦛꦶꦱꦺꦴꦤꦺ꧉ꦛꦺꦮꦲꦶꦭ꧀꧈ꦅꦤꦺꦴꦕꦶꦕꦺꦅꦠ꧀꧊ꦱꦧꦺꦴꦲꦸꦠꦶꦠ꧀꧊ꦱ꧀ꦤꦺꦴꦠ
watchthrxeclimbbeforxit'smyItsatoughone.turn.beforxmeCriestwice.TheguyHefallstwice.Afterthelastone,Hesfinishedfarthecomesday.Itsmyturn.Mybuddysaysgoodluckbitofoutcroponhalfwayuptome.problxmthisone.thewail.InociceaItsaboutItsnota
ꦮꦠ꧀ꦲꦺꦕ꧀ꦭꦶꦩ꧀ꦧ꧀ꦧꦺꦥ꦳ꦺꦴꦫꦼꦲꦶꦠ꧀꧊ꦱ꧀ꦩꦾꦶꦠ꧀ꦱꦠꦺꦴꦲꦸꦒ꦳ꦺꦴꦤꦺ꧉ꦠꦸꦂꦤ꧀꧈ꦧꦺꦥ꦳ꦺꦴꦉꦩꦺꦕꦿꦶꦲꦺꦱ꧀ꦠ꧀ꦮꦶꦕꦺ꧉ꦡ꧀ꦲꦺꦒꦸꦪ꧀ꦲꦺꦥ꦳ꦭ꧀ꦠ꧀ꦮꦶꦕꦺ꧉ꦄꦥ꦳꧀ꦠꦺꦂꦛꦺꦭꦱ꧀ꦠꦺꦴꦤꦺ꧈ꦲꦺꦱ꧀ꦥ꦳ꦶꦤꦶꦱ꧀ꦲꦺꦢ꧀ꦥ꦳ꦂꦛꦺꦕꦺꦴꦩꦺꦱ꧀ꦢꦪ꧀꧈ꦅꦠ꧀ꦪ꧀ꦠꦸꦂꦤ꧀꧈ꦩ꧀ꦪ꧀ꦧꦸꦢ꧀ꦪ꧀ꦱꦪ꧀ꦲꦺꦴꦢ꧀ꦭꦸꦕ꧀ꦏ꧀ꦧꦶꦠꦺꦴꦥ꦳ꦺꦴꦲꦸꦠ꧀ꦕꦿꦺꦴꦥꦺꦴꦤ꧀ꦲꦭ꧀ꦥ꦳꧀ꦮꦪꦸꦥ꧀ꦠꦺꦴꦩꦺ꧉ꦥꦿꦺꦴꦧ꧀ꦭꦼꦩ꧀ꦛꦶꦱꦺꦴꦤꦺ꧉ꦛꦺꦮꦲꦶꦭ꧀꧈ꦅꦤꦺꦴꦕꦶꦕꦺꦅꦠ꧀ꦱꦧꦺꦴꦲꦸꦠꦶꦠ꧀ꦱ꧀ꦤꦺꦴꦠ
watchthrxeclimbbeforxitsmyItsatoughone.turn.beforxmeCriestwice.TheguyHefallstwice.Afterthelastone,Hesfinishedfarthecomesday.Itsmyturn.Mybuddysaysgoodluckbitofoutcroponhalfwayuptome.problxmthisone.thewail.InociceaItsaboutItsnota
ꦮꦠ꧀ꦲꦺꦕ꧀ꦭꦶꦩ꧀ꦧ꧀ꦧꦺꦥ꦳ꦺꦴꦫꦼꦲꦶꦠ꧀ꦩꦾꦶꦠ꧀ꦱꦠꦺꦴꦲꦸꦒ꦳ꦺꦴꦤꦺ꧉ꦠꦸꦂꦤ꧀꧈ꦧꦺꦥ꦳ꦺꦴꦉꦩꦺꦕꦿꦶꦲꦺꦱ꧀ꦠ꧀ꦮꦶꦕꦺ꧉ꦡ꧀ꦲꦺꦒꦸꦪ꧀ꦲꦺꦥ꦳ꦭ꧀ꦠ꧀ꦮꦶꦕꦺ꧉ꦄꦥ꦳꧀ꦠꦺꦂꦛꦺꦭꦱ꧀ꦠꦺꦴꦤꦺ꧈ꦲꦺꦱ꧀ꦥ꦳ꦶꦤꦶꦱ꧀ꦲꦺꦢ꧀ꦥ꦳ꦂꦛꦺꦕꦺꦴꦩꦺꦱ꧀ꦢꦪ꧀꧈ꦅꦠ꧀ꦪ꧀ꦠꦸꦂꦤ꧀꧈ꦩ꧀ꦪ꧀ꦧꦸꦢ꧀ꦪ꧀ꦱꦪ꧀ꦲꦺꦴꦢ꧀ꦭꦸꦕ꧀ꦏ꧀ꦧꦶꦠꦺꦴꦥ꦳ꦺꦴꦲꦸꦠ꧀ꦕꦿꦺꦴꦥꦺꦴꦤ꧀ꦲꦭ꧀ꦥ꦳꧀ꦮꦪꦸꦥ꧀ꦠꦺꦴꦩꦺ꧉ꦥꦿꦺꦴꦧ꧀ꦭꦼꦩ꧀ꦛꦶꦱꦺꦴꦤꦺ꧉ꦛꦺꦮꦲꦶꦭ꧀꧈ꦅꦤꦺꦴꦕꦶꦕꦺꦅꦠ꧀ꦱꦧꦺꦴꦲꦸꦠꦶꦠ꧀ꦱ꧀ꦤꦺꦴꦠ
a
ꦲ
hello
ꦲꦺꦭ꧀ꦭꦺꦴ
hello!
ꦲꦺꦭ꧀ꦭꦺꦴ!
helloas!
ꦲꦺꦭ꧀ꦭꦺꦴꦲꦱ꧀!
asd
ꦲsd꧀
"asdas"
꧊ꦲꦱ꧀ꦢꦱ꧀꧊
"asdasasdasd"
꧊ꦲꦱ꧀ꦢꦱꦱ꧀ꦢꦱ꧀꧊
as
ꦲꦱ꧀
"asas"
꧊ꦲꦱꦱ꧀꧊
""
꧊꧊
watchthrxeclimbbeforxit'smyIt'satoughone.turn.beforxmeCriestwice.TheguyHefallstwice.Afterthelastone,He'sfinishedfarthecomesday.It'smyturn.Mybuddysays"goodluck!'bitofoutcroponhalfwayuptome.problxmthisone.thewail.Inocice±aIt'saboutIt'snotaa
ꦮꦠ꧀ꦲꦺꦕ꧀ꦭꦶꦩ꧀ꦧ꧀ꦧꦺꦥ꦳ꦺꦴꦫꦼꦲꦶꦠ꧀꧊ꦱ꧀ꦩꦾꦶꦠ꧀꧊ꦱꦠꦺꦴꦲꦸꦒ꦳ꦺꦴꦤꦺ꧉ꦠꦸꦂꦤ꧀꧈ꦧꦺꦥ꦳ꦺꦴꦉꦩꦺꦕꦿꦶꦲꦺꦱ꧀ꦠ꧀ꦮꦶꦕꦺ꧉ꦡ꧀ꦲꦺꦒꦸꦪ꧀ꦲꦺꦥ꦳ꦭ꧀ꦠ꧀ꦮꦶꦕꦺ꧉ꦄꦥ꦳꧀ꦠꦺꦂꦛꦺꦭꦱ꧀ꦠꦺꦴꦤꦺ꧈ꦲꦺ꧊ꦱ꧀ꦥ꦳ꦶꦤꦶꦱ꧀ꦲꦺꦢ꧀ꦥ꦳ꦂꦛꦺꦕꦺꦴꦩꦺꦱ꧀ꦢꦪ꧀꧈ꦅꦠ꧀꧊ꦱ꧀ꦪ꧀ꦠꦸꦂꦤ꧀꧈ꦩ꧀ꦪ꧀ꦧꦸꦢ꧀ꦪ꧀ꦱꦪ꧀꧊ꦒꦺꦴꦲꦺꦴꦢ꧀ꦭꦸꦕ꧀!꧊ꦧꦶꦠꦺꦴꦥ꦳ꦺꦴꦲꦸꦠ꧀ꦕꦿꦺꦴꦥꦺꦴꦤ꧀ꦲꦭ꧀ꦥ꦳꧀ꦮꦪꦸꦥ꧀ꦠꦺꦴꦩꦺ꧉ꦥꦿꦺꦴꦧ꧀ꦭꦼꦩ꧀ꦛꦶꦱꦺꦴꦤꦺ꧉ꦛꦺꦮꦲꦶꦭ꧀꧈ꦅꦤꦺꦴꦕꦶꦕꦺꦅꦠ꧀꧊ꦱꦧꦺꦴꦲꦸꦠꦶꦠ꧀꧊ꦱ꧀ꦤꦺꦴꦠꦲ
watchthrxeclimbbeforxit'smyIt'satoughone.turn.beforxmeCriestwice.TheguyHefallstwice.Afterthelastone,He'sfinishedfarthecomesday.It'smyturn.Mybuddysays"goodluck!'bitofoutcroponhalfwayuptome.problxmthisone.thewail.Inocice±aIt'saboutIt'snota
ꦮꦠ꧀ꦲꦺꦕ꧀ꦭꦶꦩ꧀ꦧ꧀ꦧꦺꦥ꦳ꦺꦴꦫꦼꦲꦶꦠ꧀꧊ꦱ꧀ꦩꦾꦶꦠ꧀꧊ꦱꦠꦺꦴꦲꦸꦒ꦳ꦺꦴꦤꦺ꧉ꦠꦸꦂꦤ꧀꧈ꦧꦺꦥ꦳ꦺꦴꦉꦩꦺꦕꦿꦶꦲꦺꦱ꧀ꦠ꧀ꦮꦶꦕꦺ꧉ꦡ꧀ꦲꦺꦒꦸꦪ꧀ꦲꦺꦥ꦳ꦭ꧀ꦠ꧀ꦮꦶꦕꦺ꧉ꦄꦥ꦳꧀ꦠꦺꦂꦛꦺꦭꦱ꧀ꦠꦺꦴꦤꦺ꧈ꦲꦺ꧊ꦱ꧀ꦥ꦳ꦶꦤꦶꦱ꧀ꦲꦺꦢ꧀ꦥ꦳ꦂꦛꦺꦕꦺꦴꦩꦺꦱ꧀ꦢꦪ꧀꧈ꦅꦠ꧀꧊ꦱ꧀ꦪ꧀ꦠꦸꦂꦤ꧀꧈ꦩ꧀ꦪ꧀ꦧꦸꦢ꧀ꦪ꧀ꦱꦪ꧀꧊ꦒꦺꦴꦲꦺꦴꦢ꧀ꦭꦸꦕ꧀!꧊ꦧꦶꦠꦺꦴꦥ꦳ꦺꦴꦲꦸꦠ꧀ꦕꦿꦺꦴꦥꦺꦴꦤ꧀ꦲꦭ꧀ꦥ꦳꧀ꦮꦪꦸꦥ꧀ꦠꦺꦴꦩꦺ꧉ꦥꦿꦺꦴꦧ꧀ꦭꦼꦩ꧀ꦛꦶꦱꦺꦴꦤꦺ꧉ꦛꦺꦮꦲꦶꦭ꧀꧈ꦅꦤꦺꦴꦕꦶꦕꦺꦅꦠ꧀꧊ꦱꦧꦺꦴꦲꦸꦠꦶꦠ꧀꧊ꦱ꧀ꦤꦺꦴꦠ
watchthrxeclimbbeforxit'smyIt'satoughone.turn.beforxmeCriestwice.TheguyHefallstwice.Afterthelastone,He'sfinishedfarthecomesday.It'smyturn.Mybuddysays"goodluck!'"bitofoutcroponhalfwayuptome.problxmthisone.thewail.Inocice±aIt'saboutIt'snota
ꦮꦠ꧀ꦲꦺꦕ꧀ꦭꦶꦩ꧀ꦧ꧀ꦧꦺꦥ꦳ꦺꦴꦫꦼꦲꦶꦠ꧀꧊ꦱ꧀ꦩꦾꦶꦠ꧀꧊ꦱꦠꦺꦴꦲꦸꦒ꦳ꦺꦴꦤꦺ꧉ꦠꦸꦂꦤ꧀꧈ꦧꦺꦥ꦳ꦺꦴꦉꦩꦺꦕꦿꦶꦲꦺꦱ꧀ꦠ꧀ꦮꦶꦕꦺ꧉ꦡ꧀ꦲꦺꦒꦸꦪ꧀ꦲꦺꦥ꦳ꦭ꧀ꦠ꧀ꦮꦶꦕꦺ꧉ꦄꦥ꦳꧀ꦠꦺꦂꦛꦺꦭꦱ꧀ꦠꦺꦴꦤꦺ꧈ꦲꦺ꧊ꦱ꧀ꦥ꦳ꦶꦤꦶꦱ꧀ꦲꦺꦢ꧀ꦥ꦳ꦂꦛꦺꦕꦺꦴꦩꦺꦱ꧀ꦢꦪ꧀꧈ꦅꦠ꧀꧊ꦱ꧀ꦪ꧀ꦠꦸꦂꦤ꧀꧈ꦩ꧀ꦪ꧀ꦧꦸꦢ꧀ꦪ꧀ꦱꦪ꧀꧊ꦒꦺꦴꦲꦺꦴꦢ꧀ꦭꦸꦕ꧀!꧊꧊ꦧꦶꦠꦺꦴꦥ꦳ꦺꦴꦲꦸꦠ꧀ꦕꦿꦺꦴꦥꦺꦴꦤ꧀ꦲꦭ꧀ꦥ꦳꧀ꦮꦪꦸꦥ꧀ꦠꦺꦴꦩꦺ꧉ꦥꦿꦺꦴꦧ꧀ꦭꦼꦩ꧀ꦛꦶꦱꦺꦴꦤꦺ꧉ꦛꦺꦮꦲꦶꦭ꧀꧈ꦅꦤꦺꦴꦕꦶꦕꦺꦅꦠ꧀꧊ꦱꦧꦺꦴꦲꦸꦠꦶꦠ꧀꧊ꦱ꧀ꦤꦺꦴꦠ
watchthrxeclimbbeforxit'smyIt'satoughone.turn.beforxmeCriestwice.TheguyHefallstwice.Afterthelastone,He'sfinishedfarthecomesday.It'smyturn.Mybuddysays"goodluck!"bitofoutcroponhalfwayuptome.problxmthisone.thewail.Inocice±aIt'saboutIt'snota
ꦮꦠ꧀ꦲꦺꦕ꧀ꦭꦶꦩ꧀ꦧ꧀ꦧꦺꦥ꦳ꦺꦴꦫꦼꦲꦶꦠ꧀꧊ꦱ꧀ꦩꦾꦶꦠ꧀꧊ꦱꦠꦺꦴꦲꦸꦒ꦳ꦺꦴꦤꦺ꧉ꦠꦸꦂꦤ꧀꧈ꦧꦺꦥ꦳ꦺꦴꦉꦩꦺꦕꦿꦶꦲꦺꦱ꧀ꦠ꧀ꦮꦶꦕꦺ꧉ꦡ꧀ꦲꦺꦒꦸꦪ꧀ꦲꦺꦥ꦳ꦭ꧀ꦠ꧀ꦮꦶꦕꦺ꧉ꦄꦥ꦳꧀ꦠꦺꦂꦛꦺꦭꦱ꧀ꦠꦺꦴꦤꦺ꧈ꦲꦺ꧊ꦱ꧀ꦥ꦳ꦶꦤꦶꦱ꧀ꦲꦺꦢ꧀ꦥ꦳ꦂꦛꦺꦕꦺꦴꦩꦺꦱ꧀ꦢꦪ꧀꧈ꦅꦠ꧀꧊ꦱ꧀ꦪ꧀ꦠꦸꦂꦤ꧀꧈ꦩ꧀ꦪ꧀ꦧꦸꦢ꧀ꦪ꧀ꦱꦪ꧀꧊ꦒꦺꦴꦲꦺꦴꦢ꧀ꦭꦸꦕ꧀!꧊ꦧꦶꦠꦺꦴꦥ꦳ꦺꦴꦲꦸꦠ꧀ꦕꦿꦺꦴꦥꦺꦴꦤ꧀ꦲꦭ꧀ꦥ꦳꧀ꦮꦪꦸꦥ꧀ꦠꦺꦴꦩꦺ꧉ꦥꦿꦺꦴꦧ꧀ꦭꦼꦩ꧀ꦛꦶꦱꦺꦴꦤꦺ꧉ꦛꦺꦮꦲꦶꦭ꧀꧈ꦅꦤꦺꦴꦕꦶꦕꦺꦅꦠ꧀꧊ꦱꦧꦺꦴꦲꦸꦠꦶꦠ꧀꧊ꦱ꧀ꦤꦺꦴꦠ
asas
ꦲꦱꦱ꧀
'asas'
꧊ꦲꦱꦱ꧀꧊
"asasas"
꧊ꦲꦱꦱꦱ꧀꧊
"asas"
꧊ꦲꦱꦱ꧀꧊
""
꧊꧊
''
꧊꧊
''a
꧊꧊ꦲ
t's
ꦠ꧀꧊
t'sa
ꦠ꧀꧊ꦱ
t'sa'
ꦠ꧀꧊ꦱ꧊
''aa
꧊꧊ꦲ
''
꧊꧊
watchthrxeclimb
ꦮꦠ꧀ꦲꦺꦕ꧀ꦭꦶmb꧀
halo
ꦲꦭꦺꦴ
as
ꦲꦱ꧀
asas
ꦲꦱꦱ꧀
asas
ꦲꦱꦱ꧀
asas
ꦲꦱꦱ꧀
rah
ꦫꦃ
as
ꦲꦱ꧀
asas
ꦲꦱꦱ꧀
asas
ꦲꦱꦱ꧀
as
ꦲꦱ꧀
asas
ꦲꦱꦱ꧀
a
ꦲ
asd
ꦲsd꧀
asa
ꦲꦱ
asas
ꦲꦱꦱ꧀
wouldhaveuntonippersopted.Butisnottomorrow,andhesawherxtherxpented,thismusthaveherbutatlxasttotakeit.No.Andrxw...
ꦮꦺꦴꦲꦸꦭ꧀ꦝꦮ꦳ꦺꦲꦸꦤ꧀ꦠꦺꦴꦤꦶꦥ꧀ꦥꦺꦂꦱꦺꦴꦥ꧀ꦠꦺꦢ꧀꧈ꦨꦸꦠꦶꦱ꧀ꦤꦺꦴꦠ꧀ꦠꦺꦴꦩꦺꦴꦂꦫꦺꦴꦮ꧀‌ꦲꦤ꧀ꦝꦺꦱꦮ꧀ꦲꦺꦉꦛꦺꦉꦥꦺꦤ꧀ꦠꦺꦢ꧀‌ꦛꦶꦱ꧀ꦩꦸꦱ꧀ꦛꦮ꦳ꦺꦲꦺꦂꦧꦸꦠꦠ꧀ꦭꦼꦲꦱ꧀ꦠ꧀ꦠꦺꦴꦠꦏꦺꦲꦶꦠ꧀꧈ꦟꦺꦴ꧉ꦄꦤ꧀ꦢꦽꦮ꧀꧈꧉꧉
=

asd
ꦲsd꧀
asd
ꦲsd꧀
asd
ꦲsd꧀
asdd
ꦲsdd꧀
asd
ꦲsd꧀
ee
ꦺꦲꦺ
asrwq
ꦲsrwq꧀
qwd

xac
ꦼꦲꦕ꧀
asd
ꦲsd꧀

asda
ꦲꦱ꧀ꦢ
hasda
asd
ꦲsd꧀
